<?xml version="1.0" encoding="UTF-8"?>
<testng-results ignored="0" total="1" passed="1" failed="0" skipped="0">
  <reporter-output>
  </reporter-output>
  <suite started-at="2019-06-19T07:18:53Z" name="Default suite" finished-at="2019-06-19T07:19:18Z" duration-ms="24851">
    <groups>
    </groups>
    <test started-at="2019-06-19T07:18:53Z" name="Default test" finished-at="2019-06-19T07:19:18Z" duration-ms="24851">
      <class name="com.training.sanity.tests.LoginTests_UniformLogin_OrderHistory">
        <test-method is-config="true" signature="setUpBeforeClass()[pri:0, instance:com.training.sanity.tests.LoginTests_UniformLogin_OrderHistory@7fc229ab]" started-at="2019-06-19T07:18:53Z" name="setUpBeforeClass" finished-at="2019-06-19T07:18:53Z" duration-ms="31" status="PASS">
          <reporter-output>
          </reporter-output>
        </test-method> <!-- setUpBeforeClass -->
        <test-method is-config="true" signature="setUp()[pri:0, instance:com.training.sanity.tests.LoginTests_UniformLogin_OrderHistory@7fc229ab]" started-at="2019-06-19T07:18:53Z" name="setUp" finished-at="2019-06-19T07:19:01Z" duration-ms="7468" status="PASS">
          <reporter-output>
          </reporter-output>
        </test-method> <!-- setUp -->
        <test-method signature="validLoginTest()[pri:0, instance:com.training.sanity.tests.LoginTests_UniformLogin_OrderHistory@7fc229ab]" started-at="2019-06-19T07:19:01Z" name="validLoginTest" finished-at="2019-06-19T07:19:07Z" duration-ms="5764" status="PASS">
          <reporter-output>
          </reporter-output>
        </test-method> <!-- validLoginTest -->
        <test-method is-config="true" signature="tearDown()[pri:0, instance:com.training.sanity.tests.LoginTests_UniformLogin_OrderHistory@7fc229ab]" started-at="2019-06-19T07:19:07Z" name="tearDown" finished-at="2019-06-19T07:19:18Z" duration-ms="11553" status="PASS">
          <reporter-output>
          </reporter-output>
        </test-method> <!-- tearDown -->
      </class> <!-- com.training.sanity.tests.LoginTests_UniformLogin_OrderHistory -->
    </test> <!-- Default test -->
  </suite> <!-- Default suite -->
</testng-results>
